[debug] [2025-12-12T02:59:33.737Z] ----------------------------------------------------------------------
[debug] [2025-12-12T02:59:33.741Z] Command:       /Users/jack/.nvm/versions/node/v20.19.3/bin/node /Users/jack/.nvm/versions/node/v20.19.3/bin/firebase serve --only hosting
[debug] [2025-12-12T02:59:33.741Z] CLI Version:   14.16.0
[debug] [2025-12-12T02:59:33.741Z] Platform:      darwin
[debug] [2025-12-12T02:59:33.742Z] Node Version:  v20.19.3
[debug] [2025-12-12T02:59:33.742Z] Time:          Fri Dec 12 2025 11:59:33 GMT+0900 (Korean Standard Time)
[debug] [2025-12-12T02:59:33.742Z] ----------------------------------------------------------------------
[debug] 
[debug] [2025-12-12T02:59:34.046Z] > command requires scopes: ["email","openid","https://www.googleapis.com/auth/cloudplatformprojects.readonly","https://www.googleapis.com/auth/firebase","https://www.googleapis.com/auth/cloud-platform"]
[debug] [2025-12-12T02:59:34.046Z] > authorizing via signed-in user (noble990921@gmail.com)
[debug] [2025-12-12T02:59:34.047Z] [iam] checking project noble-df752 for permissions ["firebase.projects.get"]
[debug] [2025-12-12T02:59:34.049Z] Checked if tokens are valid: true, expires at: 1765511936360
[debug] [2025-12-12T02:59:34.049Z] Checked if tokens are valid: true, expires at: 1765511936360
[debug] [2025-12-12T02:59:34.051Z] >>> [apiv2][query] POST https://cloudresourcemanager.googleapis.com/v1/projects/noble-df752:testIamPermissions [none]
[debug] [2025-12-12T02:59:34.052Z] >>> [apiv2][(partial)header] POST https://cloudresourcemanager.googleapis.com/v1/projects/noble-df752:testIamPermissions x-goog-quota-user=projects/noble-df752
[debug] [2025-12-12T02:59:34.052Z] >>> [apiv2][body] POST https://cloudresourcemanager.googleapis.com/v1/projects/noble-df752:testIamPermissions {"permissions":["firebase.projects.get"]}
[debug] [2025-12-12T02:59:34.370Z] <<< [apiv2][status] POST https://cloudresourcemanager.googleapis.com/v1/projects/noble-df752:testIamPermissions 200
[debug] [2025-12-12T02:59:34.370Z] <<< [apiv2][body] POST https://cloudresourcemanager.googleapis.com/v1/projects/noble-df752:testIamPermissions {"permissions":["firebase.projects.get"]}
[debug] [2025-12-12T02:59:34.371Z] Checked if tokens are valid: true, expires at: 1765511936360
[debug] [2025-12-12T02:59:34.371Z] Checked if tokens are valid: true, expires at: 1765511936360
[debug] [2025-12-12T02:59:34.371Z] >>> [apiv2][query] GET https://cloudresourcemanager.googleapis.com/v1/projects/noble-df752 [none]
[debug] [2025-12-12T02:59:35.017Z] <<< [apiv2][status] GET https://cloudresourcemanager.googleapis.com/v1/projects/noble-df752 200
[debug] [2025-12-12T02:59:35.017Z] <<< [apiv2][body] GET https://cloudresourcemanager.googleapis.com/v1/projects/noble-df752 {"projectNumber":"398613154754","projectId":"noble-df752","lifecycleState":"ACTIVE","name":"noble","labels":{"firebase":"enabled","firebase-core":"disabled"},"createTime":"2025-05-16T07:13:02.371736Z"}
[debug] [2025-12-12T02:59:35.019Z] Checked if tokens are valid: true, expires at: 1765511936360
[debug] [2025-12-12T02:59:35.019Z] Checked if tokens are valid: true, expires at: 1765511936360
[debug] [2025-12-12T02:59:35.019Z] >>> [apiv2][query] GET https://firebasehosting.googleapis.com/v1beta1/projects/noble-df752/sites 
[debug] [2025-12-12T02:59:35.834Z] <<< [apiv2][status] GET https://firebasehosting.googleapis.com/v1beta1/projects/noble-df752/sites 200
[debug] [2025-12-12T02:59:35.834Z] <<< [apiv2][body] GET https://firebasehosting.googleapis.com/v1beta1/projects/noble-df752/sites {"sites":[{"name":"projects/noble-df752/sites/noble-df752","defaultUrl":"https://noble-df752.web.app","appId":"1:398613154754:web:6eb5fe3e4a1c1fe14e245b","type":"DEFAULT_SITE"}]}
[debug] [2025-12-12T02:59:35.835Z] Checked if tokens are valid: true, expires at: 1765511936360
[debug] [2025-12-12T02:59:35.835Z] Checked if tokens are valid: true, expires at: 1765511936360
[debug] [2025-12-12T02:59:35.835Z] >>> [apiv2][query] GET https://firebase.googleapis.com/v1beta1/projects/noble-df752/webApps/1:398613154754:web:6eb5fe3e4a1c1fe14e245b/config [none]
[debug] [2025-12-12T02:59:36.739Z] <<< [apiv2][status] GET https://firebase.googleapis.com/v1beta1/projects/noble-df752/webApps/1:398613154754:web:6eb5fe3e4a1c1fe14e245b/config 200
[debug] [2025-12-12T02:59:36.739Z] <<< [apiv2][body] GET https://firebase.googleapis.com/v1beta1/projects/noble-df752/webApps/1:398613154754:web:6eb5fe3e4a1c1fe14e245b/config {"projectId":"noble-df752","appId":"1:398613154754:web:6eb5fe3e4a1c1fe14e245b","storageBucket":"noble-df752.firebasestorage.app","apiKey":"AIzaSyC94GBOaPC0GxnCF_wrci4oWea8VN_C44c","authDomain":"noble-df752.firebaseapp.com","messagingSenderId":"398613154754","measurementId":"G-1JK849DGE0","projectNumber":"398613154754","version":"2"}
[debug] [2025-12-12T02:59:36.786Z] Checked if tokens are valid: true, expires at: 1765511936360
[debug] [2025-12-12T02:59:36.786Z] Checked if tokens are valid: true, expires at: 1765511936360
[debug] [2025-12-12T02:59:36.787Z] >>> [apiv2][query] GET https://firebase.googleapis.com/v1beta1/projects/noble-df752 [none]
[debug] [2025-12-12T02:59:37.070Z] <<< [apiv2][status] GET https://firebase.googleapis.com/v1beta1/projects/noble-df752 200
[debug] [2025-12-12T02:59:37.070Z] <<< [apiv2][body] GET https://firebase.googleapis.com/v1beta1/projects/noble-df752 {"projectId":"noble-df752","projectNumber":"398613154754","displayName":"noble","name":"projects/noble-df752","resources":{"hostingSite":"noble-df752"},"state":"ACTIVE","etag":"1_ff29c2ec-7607-4a59-b5a0-3ee40ad6cb51"}
[info] i  hosting[noble-df752]: Serving hosting files from: dist {"metadata":{"emulator":{"name":"hosting"},"message":"Serving hosting files from: \u001b[1mdist\u001b[22m"}}
[info] ✔  hosting[noble-df752]: Local server: http://localhost:5002 {"metadata":{"emulator":{"name":"hosting"},"message":"Local server: \u001b[4m\u001b[1mhttp://localhost:5002\u001b[22m\u001b[24m"}}
